<?xml version="1.0" encoding="UTF-8"?>
<!-- Generated by org.testng.reporters.JUnitXMLReporter -->
<testsuite ignored="5" hostname="DESKTOP-A9JHJ3G" failures="0" tests="3" name="Test1" time="0.035" errors="0" timestamp="2023-10-25T11:57:04 GST">
  <testcase classname="org.group.Group1" name="tc2" time="0.005"/>
  <testcase classname="org.group.Group1" name="tc3" time="0.004"/>
  <testcase classname="org.group.Group2" name="tc2" time="0.003"/>
  <testcase classname="org.group.Group1" name="tc5" time="0.0">
    <ignored/>
  </testcase> <!-- tc5 -->
  <testcase classname="org.group.Group1" name="tc4" time="0.0">
    <ignored/>
  </testcase> <!-- tc4 -->
  <testcase classname="org.group.Group1" name="tc1" time="0.0">
    <ignored/>
  </testcase> <!-- tc1 -->
  <testcase classname="org.group.Group2" name="tc5" time="0.0">
    <ignored/>
  </testcase> <!-- tc5 -->
  <testcase classname="org.group.Group2" name="tc1" time="0.0">
    <ignored/>
  </testcase> <!-- tc1 -->
</testsuite> <!-- Test1 -->
