<?xml version="1.0" encoding="UTF-8"?>
<testng-results ignored="0" total="1" passed="1" failed="0" skipped="0">
  <reporter-output>
    <line>
      <![CDATA[the browser should be launched]]>
    </line>
  </reporter-output>
  <suite started-at="2023-11-03T16:02:35 GST" name="Suite" finished-at="2023-11-03T16:02:40 GST" duration-ms="5259">
    <groups>
    </groups>
    <test started-at="2023-11-03T16:02:35 GST" name="Test" finished-at="2023-11-03T16:02:40 GST" duration-ms="5259">
      <class name="org.reports.TestClass">
        <test-method signature="aa()[pri:0, instance:org.reports.TestClass@449a4f23]" started-at="2023-11-03T16:02:35 GST" name="aa" finished-at="2023-11-03T16:02:40 GST" duration-ms="5154" status="PASS">
          <reporter-output>
            <line>
              <![CDATA[the browser should be launched]]>
            </line>
          </reporter-output>
        </test-method> <!-- aa -->
      </class> <!-- org.reports.TestClass -->
    </test> <!-- Test -->
  </suite> <!-- Suite -->
</testng-results>
